2025-09-07T02:28:02.684+03:00  INFO 10362 --- [Bookstore] [main] c.e.B.integration.BookIntegrationTest    : Starting BookIntegrationTest using Java 21.0.7 with PID 10362 (started by bogdan in /home/bogdan/Depozit/University/Proiect_AWBD/Bookstore-master)
2025-09-07T02:28:02.688+03:00  INFO 10362 --- [Bookstore] [main] c.e.B.integration.BookIntegrationTest    : The following 1 profile is active: "test"
2025-09-07T02:28:03.930+03:00  INFO 10362 --- [Bookstore] [main] .s.d.r.c.RepositoryConfigurationDelegate : Bootstrapping Spring Data JPA repositories in DEFAULT mode.
2025-09-07T02:28:04.011+03:00  INFO 10362 --- [Bookstore] [main] .s.d.r.c.RepositoryConfigurationDelegate : Finished Spring Data repository scanning in 69 ms. Found 10 JPA repository interfaces.
2025-09-07T02:28:04.678+03:00  INFO 10362 --- [Bookstore] [main] o.s.b.w.embedded.tomcat.TomcatWebServer  : Tomcat initialized with port 0 (http)
2025-09-07T02:28:04.693+03:00  INFO 10362 --- [Bookstore] [main] o.apache.catalina.core.StandardService   : Starting service [Tomcat]
2025-09-07T02:28:04.694+03:00  INFO 10362 --- [Bookstore] [main] o.apache.catalina.core.StandardEngine    : Starting Servlet engine: [Apache Tomcat/10.1.39]
2025-09-07T02:28:04.751+03:00  INFO 10362 --- [Bookstore] [main] o.a.c.c.C.[Tomcat].[localhost].[/]       : Initializing Spring embedded WebApplicationContext
2025-09-07T02:28:04.752+03:00  INFO 10362 --- [Bookstore] [main] w.s.c.ServletWebServerApplicationContext : Root WebApplicationContext: initialization completed in 2042 ms
2025-09-07T02:28:04.945+03:00  INFO 10362 --- [Bookstore] [main] o.hibernate.jpa.internal.util.LogHelper  : HHH000204: Processing PersistenceUnitInfo [name: default]
2025-09-07T02:28:05.007+03:00  INFO 10362 --- [Bookstore] [main] org.hibernate.Version                    : HHH000412: Hibernate ORM core version 6.6.11.Final
2025-09-07T02:28:05.041+03:00  INFO 10362 --- [Bookstore] [main] o.h.c.internal.RegionFactoryInitiator    : HHH000026: Second-level cache disabled
2025-09-07T02:28:05.289+03:00  INFO 10362 --- [Bookstore] [main] o.s.o.j.p.SpringPersistenceUnitInfo      : No LoadTimeWeaver setup: ignoring JPA class transformer
2025-09-07T02:28:05.315+03:00  INFO 10362 --- [Bookstore] [main] com.zaxxer.hikari.HikariDataSource       : HikariPool-1 - Starting...
2025-09-07T02:28:05.532+03:00  INFO 10362 --- [Bookstore] [main] com.zaxxer.hikari.pool.HikariPool        : HikariPool-1 - Added connection conn0: url=jdbc:h2:mem:bookstore user=ROOT
2025-09-07T02:28:05.535+03:00  INFO 10362 --- [Bookstore] [main] com.zaxxer.hikari.HikariDataSource       : HikariPool-1 - Start completed.
2025-09-07T02:28:05.568+03:00  WARN 10362 --- [Bookstore] [main] org.hibernate.orm.deprecation            : HHH90000025: H2Dialect does not need to be specified explicitly using 'hibernate.dialect' (remove the property setting and it will be selected by default)
2025-09-07T02:28:05.592+03:00  INFO 10362 --- [Bookstore] [main] org.hibernate.orm.connections.pooling    : HHH10001005: Database info:
	Database JDBC URL [Connecting through datasource 'HikariDataSource (HikariPool-1)']
	Database driver: undefined/unknown
	Database version: 2.3.232
	Autocommit mode: undefined/unknown
	Isolation level: undefined/unknown
	Minimum pool size: undefined/unknown
	Maximum pool size: undefined/unknown
2025-09-07T02:28:06.646+03:00  INFO 10362 --- [Bookstore] [main] o.h.e.t.j.p.i.JtaPlatformInitiator       : HHH000489: No JTA platform available (set 'hibernate.transaction.jta.platform' to enable JTA platform integration)
2025-09-07T02:28:06.739+03:00  INFO 10362 --- [Bookstore] [main] j.LocalContainerEntityManagerFactoryBean : Initialized JPA EntityManagerFactory for persistence unit 'default'
2025-09-07T02:28:07.300+03:00  INFO 10362 --- [Bookstore] [main] eAuthenticationProviderManagerConfigurer : Global AuthenticationManager configured with AuthenticationProvider bean with name authenticationProvider
2025-09-07T02:28:07.300+03:00  WARN 10362 --- [Bookstore] [main] r$InitializeUserDetailsManagerConfigurer : Global AuthenticationManager configured with an AuthenticationProvider bean. UserDetailsService beans will not be used by Spring Security for automatically configuring username/password login. Consider removing the AuthenticationProvider bean. Alternatively, consider using the UserDetailsService in a manually instantiated DaoAuthenticationProvider. If the current configuration is intentional, to turn off this warning, increase the logging level of 'org.springframework.security.config.annotation.authentication.configuration.InitializeUserDetailsBeanManagerConfigurer' to ERROR
2025-09-07T02:28:07.413+03:00  WARN 10362 --- [Bookstore] [main] JpaBaseConfiguration$JpaWebConfiguration : spring.jpa.open-in-view is enabled by default. Therefore, database queries may be performed during view rendering. Explicitly configure spring.jpa.open-in-view to disable this warning
2025-09-07T02:28:07.979+03:00  WARN 10362 --- [Bookstore] [main] ion$DefaultTemplateResolverConfiguration : Cannot find template location: classpath:/templates/ (please add some templates, check your Thymeleaf configuration, or set spring.thymeleaf.check-template-location=false)
2025-09-07T02:28:08.191+03:00  INFO 10362 --- [Bookstore] [main] o.s.b.a.h2.H2ConsoleAutoConfiguration    : H2 console available at '/h2-console'. Database available at 'jdbc:h2:mem:bookstore'
2025-09-07T02:28:08.456+03:00  INFO 10362 --- [Bookstore] [main] o.s.b.w.embedded.tomcat.TomcatWebServer  : Tomcat started on port 32951 (http) with context path '/'
2025-09-07T02:28:08.468+03:00  INFO 10362 --- [Bookstore] [main] c.e.B.integration.BookIntegrationTest    : Started BookIntegrationTest in 6.184 seconds (process running for 7.567)
2025-09-07T02:28:08.954+03:00  INFO 10362 --- [Bookstore] [http-nio-auto-1-exec-1] o.a.c.c.C.[Tomcat].[localhost].[/]       : Initializing Spring DispatcherServlet 'dispatcherServlet'
2025-09-07T02:28:08.954+03:00  INFO 10362 --- [Bookstore] [http-nio-auto-1-exec-1] o.s.web.servlet.DispatcherServlet        : Initializing Servlet 'dispatcherServlet'
2025-09-07T02:28:08.959+03:00  INFO 10362 --- [Bookstore] [http-nio-auto-1-exec-1] o.s.web.servlet.DispatcherServlet        : Completed initialization in 1 ms
2025-09-07T02:28:09.090+03:00  INFO 10362 --- [Bookstore] [http-nio-auto-1-exec-1] c.e.Bookstore.Controller.UserController  : Attempting to register a new user with username: bookuser
2025-09-07T02:28:09.388+03:00  INFO 10362 --- [Bookstore] [http-nio-auto-1-exec-1] c.e.Bookstore.Controller.UserController  : User 'bookuser' registered successfully.
2025-09-07T02:28:09.427+03:00  INFO 10362 --- [Bookstore] [http-nio-auto-1-exec-2] c.e.Bookstore.Controller.UserController  : Login attempt for username: bookuser
2025-09-07T02:28:09.605+03:00  INFO 10362 --- [Bookstore] [http-nio-auto-1-exec-2] c.e.Bookstore.Controller.UserController  : User 'bookuser' logged in successfully.
2025-09-07T02:28:09.709+03:00  INFO 10362 --- [Bookstore] [http-nio-auto-1-exec-3] c.e.Bookstore.Controller.BookController  : Fetching books: category=null, search='null', sortBy='title', page=0
2025-09-07T02:28:09.722+03:00  INFO 10362 --- [Bookstore] [http-nio-auto-1-exec-3] c.e.Bookstore.Controller.BookController  : Fetched 0 books for page 1
2025-09-07T02:28:09.727+03:00  WARN 10362 --- [Bookstore] [http-nio-auto-1-exec-3] ration$PageModule$WarningLoggingModifier : Serializing PageImpl instances as-is is not supported, meaning that there is no guarantee about the stability of the resulting JSON structure!
	For a stable JSON structure, please use Spring Data's PagedModel (globally via @EnableSpringDataWebSupport(pageSerializationMode = VIA_DTO))
	or Spring HATEOAS and Spring Data's PagedResourcesAssembler as documented in https://docs.spring.io/spring-data/commons/reference/repositories/core-extensions.html#core.web.pageables.

2025-09-07T02:28:09.779+03:00  INFO 10362 --- [Bookstore] [SpringApplicationShutdownHook] o.s.b.w.e.tomcat.GracefulShutdown        : Commencing graceful shutdown. Waiting for active requests to complete
2025-09-07T02:28:09.781+03:00  INFO 10362 --- [Bookstore] [tomcat-shutdown] o.s.b.w.e.tomcat.GracefulShutdown        : Graceful shutdown complete
2025-09-07T02:28:09.787+03:00  INFO 10362 --- [Bookstore] [SpringApplicationShutdownHook] j.LocalContainerEntityManagerFactoryBean : Closing JPA EntityManagerFactory for persistence unit 'default'
2025-09-07T02:28:09.789+03:00  INFO 10362 --- [Bookstore] [SpringApplicationShutdownHook] com.zaxxer.hikari.HikariDataSource       : HikariPool-1 - Shutdown initiated...
2025-09-07T02:28:09.791+03:00  INFO 10362 --- [Bookstore] [SpringApplicationShutdownHook] com.zaxxer.hikari.HikariDataSource       : HikariPool-1 - Shutdown completed.
2025-09-07T02:28:24.844+03:00  INFO 10507 --- [Bookstore] [main] c.e.B.integration.BookIntegrationTest    : Starting BookIntegrationTest using Java 21.0.7 with PID 10507 (started by bogdan in /home/bogdan/Depozit/University/Proiect_AWBD/Bookstore-master)
2025-09-07T02:28:24.846+03:00  INFO 10507 --- [Bookstore] [main] c.e.B.integration.BookIntegrationTest    : The following 1 profile is active: "test"
2025-09-07T02:28:25.775+03:00  INFO 10507 --- [Bookstore] [main] .s.d.r.c.RepositoryConfigurationDelegate : Bootstrapping Spring Data JPA repositories in DEFAULT mode.
2025-09-07T02:28:25.855+03:00  INFO 10507 --- [Bookstore] [main] .s.d.r.c.RepositoryConfigurationDelegate : Finished Spring Data repository scanning in 70 ms. Found 10 JPA repository interfaces.
2025-09-07T02:28:26.555+03:00  INFO 10507 --- [Bookstore] [main] o.s.b.w.embedded.tomcat.TomcatWebServer  : Tomcat initialized with port 0 (http)
2025-09-07T02:28:26.570+03:00  INFO 10507 --- [Bookstore] [main] o.apache.catalina.core.StandardService   : Starting service [Tomcat]
2025-09-07T02:28:26.571+03:00  INFO 10507 --- [Bookstore] [main] o.apache.catalina.core.StandardEngine    : Starting Servlet engine: [Apache Tomcat/10.1.39]
2025-09-07T02:28:26.616+03:00  INFO 10507 --- [Bookstore] [main] o.a.c.c.C.[Tomcat].[localhost].[/]       : Initializing Spring embedded WebApplicationContext
2025-09-07T02:28:26.616+03:00  INFO 10507 --- [Bookstore] [main] w.s.c.ServletWebServerApplicationContext : Root WebApplicationContext: initialization completed in 1754 ms
2025-09-07T02:28:26.821+03:00  INFO 10507 --- [Bookstore] [main] o.hibernate.jpa.internal.util.LogHelper  : HHH000204: Processing PersistenceUnitInfo [name: default]
2025-09-07T02:28:26.891+03:00  INFO 10507 --- [Bookstore] [main] org.hibernate.Version                    : HHH000412: Hibernate ORM core version 6.6.11.Final
2025-09-07T02:28:26.925+03:00  INFO 10507 --- [Bookstore] [main] o.h.c.internal.RegionFactoryInitiator    : HHH000026: Second-level cache disabled
2025-09-07T02:28:27.236+03:00  INFO 10507 --- [Bookstore] [main] o.s.o.j.p.SpringPersistenceUnitInfo      : No LoadTimeWeaver setup: ignoring JPA class transformer
2025-09-07T02:28:27.266+03:00  INFO 10507 --- [Bookstore] [main] com.zaxxer.hikari.HikariDataSource       : HikariPool-1 - Starting...
2025-09-07T02:28:27.532+03:00  INFO 10507 --- [Bookstore] [main] com.zaxxer.hikari.pool.HikariPool        : HikariPool-1 - Added connection conn0: url=jdbc:h2:mem:bookstore user=ROOT
2025-09-07T02:28:27.535+03:00  INFO 10507 --- [Bookstore] [main] com.zaxxer.hikari.HikariDataSource       : HikariPool-1 - Start completed.
2025-09-07T02:28:27.569+03:00  WARN 10507 --- [Bookstore] [main] org.hibernate.orm.deprecation            : HHH90000025: H2Dialect does not need to be specified explicitly using 'hibernate.dialect' (remove the property setting and it will be selected by default)
2025-09-07T02:28:27.592+03:00  INFO 10507 --- [Bookstore] [main] org.hibernate.orm.connections.pooling    : HHH10001005: Database info:
	Database JDBC URL [Connecting through datasource 'HikariDataSource (HikariPool-1)']
	Database driver: undefined/unknown
	Database version: 2.3.232
	Autocommit mode: undefined/unknown
	Isolation level: undefined/unknown
	Minimum pool size: undefined/unknown
	Maximum pool size: undefined/unknown
2025-09-07T02:28:28.798+03:00  INFO 10507 --- [Bookstore] [main] o.h.e.t.j.p.i.JtaPlatformInitiator       : HHH000489: No JTA platform available (set 'hibernate.transaction.jta.platform' to enable JTA platform integration)
2025-09-07T02:28:28.904+03:00  INFO 10507 --- [Bookstore] [main] j.LocalContainerEntityManagerFactoryBean : Initialized JPA EntityManagerFactory for persistence unit 'default'
2025-09-07T02:28:29.592+03:00  INFO 10507 --- [Bookstore] [main] eAuthenticationProviderManagerConfigurer : Global AuthenticationManager configured with AuthenticationProvider bean with name authenticationProvider
2025-09-07T02:28:29.593+03:00  WARN 10507 --- [Bookstore] [main] r$InitializeUserDetailsManagerConfigurer : Global AuthenticationManager configured with an AuthenticationProvider bean. UserDetailsService beans will not be used by Spring Security for automatically configuring username/password login. Consider removing the AuthenticationProvider bean. Alternatively, consider using the UserDetailsService in a manually instantiated DaoAuthenticationProvider. If the current configuration is intentional, to turn off this warning, increase the logging level of 'org.springframework.security.config.annotation.authentication.configuration.InitializeUserDetailsBeanManagerConfigurer' to ERROR
2025-09-07T02:28:29.689+03:00  WARN 10507 --- [Bookstore] [main] JpaBaseConfiguration$JpaWebConfiguration : spring.jpa.open-in-view is enabled by default. Therefore, database queries may be performed during view rendering. Explicitly configure spring.jpa.open-in-view to disable this warning
2025-09-07T02:28:30.324+03:00  WARN 10507 --- [Bookstore] [main] ion$DefaultTemplateResolverConfiguration : Cannot find template location: classpath:/templates/ (please add some templates, check your Thymeleaf configuration, or set spring.thymeleaf.check-template-location=false)
2025-09-07T02:28:30.609+03:00  INFO 10507 --- [Bookstore] [main] o.s.b.a.h2.H2ConsoleAutoConfiguration    : H2 console available at '/h2-console'. Database available at 'jdbc:h2:mem:bookstore'
2025-09-07T02:28:30.862+03:00  INFO 10507 --- [Bookstore] [main] o.s.b.w.embedded.tomcat.TomcatWebServer  : Tomcat started on port 38093 (http) with context path '/'
2025-09-07T02:28:30.873+03:00  INFO 10507 --- [Bookstore] [main] c.e.B.integration.BookIntegrationTest    : Started BookIntegrationTest in 6.413 seconds (process running for 7.707)
2025-09-07T02:28:31.394+03:00  INFO 10507 --- [Bookstore] [http-nio-auto-1-exec-1] o.a.c.c.C.[Tomcat].[localhost].[/]       : Initializing Spring DispatcherServlet 'dispatcherServlet'
2025-09-07T02:28:31.394+03:00  INFO 10507 --- [Bookstore] [http-nio-auto-1-exec-1] o.s.web.servlet.DispatcherServlet        : Initializing Servlet 'dispatcherServlet'
2025-09-07T02:28:31.397+03:00  INFO 10507 --- [Bookstore] [http-nio-auto-1-exec-1] o.s.web.servlet.DispatcherServlet        : Completed initialization in 2 ms
2025-09-07T02:28:31.630+03:00  INFO 10507 --- [Bookstore] [http-nio-auto-1-exec-1] c.e.Bookstore.Controller.UserController  : Attempting to register a new user with username: bookuser
2025-09-07T02:28:32.045+03:00  INFO 10507 --- [Bookstore] [http-nio-auto-1-exec-1] c.e.Bookstore.Controller.UserController  : User 'bookuser' registered successfully.
2025-09-07T02:28:32.105+03:00  INFO 10507 --- [Bookstore] [http-nio-auto-1-exec-2] c.e.Bookstore.Controller.UserController  : Login attempt for username: bookuser
2025-09-07T02:28:32.325+03:00  INFO 10507 --- [Bookstore] [http-nio-auto-1-exec-2] c.e.Bookstore.Controller.UserController  : User 'bookuser' logged in successfully.
2025-09-07T02:28:32.471+03:00  INFO 10507 --- [Bookstore] [http-nio-auto-1-exec-3] c.e.Bookstore.Controller.BookController  : Fetching books: category=null, search='null', sortBy='title', page=0
2025-09-07T02:28:32.489+03:00  INFO 10507 --- [Bookstore] [http-nio-auto-1-exec-3] c.e.Bookstore.Controller.BookController  : Fetched 0 books for page 1
2025-09-07T02:28:32.493+03:00  WARN 10507 --- [Bookstore] [http-nio-auto-1-exec-3] ration$PageModule$WarningLoggingModifier : Serializing PageImpl instances as-is is not supported, meaning that there is no guarantee about the stability of the resulting JSON structure!
	For a stable JSON structure, please use Spring Data's PagedModel (globally via @EnableSpringDataWebSupport(pageSerializationMode = VIA_DTO))
	or Spring HATEOAS and Spring Data's PagedResourcesAssembler as documented in https://docs.spring.io/spring-data/commons/reference/repositories/core-extensions.html#core.web.pageables.

2025-09-07T02:28:32.549+03:00  INFO 10507 --- [Bookstore] [SpringApplicationShutdownHook] o.s.b.w.e.tomcat.GracefulShutdown        : Commencing graceful shutdown. Waiting for active requests to complete
2025-09-07T02:28:32.551+03:00  INFO 10507 --- [Bookstore] [tomcat-shutdown] o.s.b.w.e.tomcat.GracefulShutdown        : Graceful shutdown complete
2025-09-07T02:28:32.557+03:00  INFO 10507 --- [Bookstore] [SpringApplicationShutdownHook] j.LocalContainerEntityManagerFactoryBean : Closing JPA EntityManagerFactory for persistence unit 'default'
2025-09-07T02:28:32.560+03:00  INFO 10507 --- [Bookstore] [SpringApplicationShutdownHook] com.zaxxer.hikari.HikariDataSource       : HikariPool-1 - Shutdown initiated...
2025-09-07T02:28:32.562+03:00  INFO 10507 --- [Bookstore] [SpringApplicationShutdownHook] com.zaxxer.hikari.HikariDataSource       : HikariPool-1 - Shutdown completed.
